0 info it worked if it ends with ok
1 verbose cli [ '/usr/bin/node', '/usr/bin/npm', 'install' ]
2 info using npm@3.8.3
3 info using node@v5.9.1
4 silly loadCurrentTree Starting
5 silly install loadCurrentTree
6 silly install readLocalPackageData
7 silly install normalizeTree
8 silly loadCurrentTree Finishing
9 silly loadIdealTree Starting
10 silly install loadIdealTree
11 silly cloneCurrentTree Starting
12 silly install cloneCurrentTreeToIdealTree
13 silly cloneCurrentTree Finishing
14 silly loadShrinkwrap Starting
15 silly install loadShrinkwrap
16 silly loadShrinkwrap Finishing
17 silly loadAllDepsIntoIdealTree Starting
18 silly install loadAllDepsIntoIdealTree
19 silly fetchNamedPackageData bootstrap
20 silly mapToRegistry name bootstrap
21 silly mapToRegistry using default registry
22 silly mapToRegistry registry https://registry.npmjs.org/
23 silly mapToRegistry data Result {
23 silly mapToRegistry   raw: 'bootstrap',
23 silly mapToRegistry   scope: null,
23 silly mapToRegistry   name: 'bootstrap',
23 silly mapToRegistry   rawSpec: '',
23 silly mapToRegistry   spec: 'latest',
23 silly mapToRegistry   type: 'tag' }
24 silly mapToRegistry uri https://registry.npmjs.org/bootstrap
25 silly fetchNamedPackageData jquery
26 silly mapToRegistry name jquery
27 silly mapToRegistry using default registry
28 silly mapToRegistry registry https://registry.npmjs.org/
29 silly mapToRegistry data Result {
29 silly mapToRegistry   raw: 'jquery',
29 silly mapToRegistry   scope: null,
29 silly mapToRegistry   name: 'jquery',
29 silly mapToRegistry   rawSpec: '',
29 silly mapToRegistry   spec: 'latest',
29 silly mapToRegistry   type: 'tag' }
30 silly mapToRegistry uri https://registry.npmjs.org/jquery
31 verbose request uri https://registry.npmjs.org/bootstrap
32 verbose request no auth needed
33 info attempt registry request try #1 at 8:35:52 PM
34 verbose request id 5c9778a3ed09cad2
35 verbose etag "RHMLIYPFVQL9W3CWXLXHI7DK"
36 http request GET https://registry.npmjs.org/bootstrap
37 verbose request uri https://registry.npmjs.org/jquery
38 verbose request no auth needed
39 info attempt registry request try #1 at 8:35:52 PM
40 verbose etag "8S3AGU46PDDHKW8USURHHBB3U"
41 http request GET https://registry.npmjs.org/jquery
42 http 304 https://registry.npmjs.org/jquery
43 verbose headers { date: 'Wed, 30 Mar 2016 18:35:52 GMT',
43 verbose headers   via: '1.1 varnish',
43 verbose headers   'cache-control': 'max-age=300',
43 verbose headers   etag: '"8S3AGU46PDDHKW8USURHHBB3U"',
43 verbose headers   age: '270',
43 verbose headers   connection: 'keep-alive',
43 verbose headers   'x-served-by': 'cache-lhr6333-LHR',
43 verbose headers   'x-cache': 'HIT',
43 verbose headers   'x-cache-hits': '2',
43 verbose headers   'x-timer': 'S1459362952.528755,VS0,VE0',
43 verbose headers   vary: 'Accept' }
44 silly get cb [ 304,
44 silly get   { date: 'Wed, 30 Mar 2016 18:35:52 GMT',
44 silly get     via: '1.1 varnish',
44 silly get     'cache-control': 'max-age=300',
44 silly get     etag: '"8S3AGU46PDDHKW8USURHHBB3U"',
44 silly get     age: '270',
44 silly get     connection: 'keep-alive',
44 silly get     'x-served-by': 'cache-lhr6333-LHR',
44 silly get     'x-cache': 'HIT',
44 silly get     'x-cache-hits': '2',
44 silly get     'x-timer': 'S1459362952.528755,VS0,VE0',
44 silly get     vary: 'Accept' } ]
45 verbose etag https://registry.npmjs.org/jquery from cache
46 verbose get saving jquery to /home/torben/.npm/registry.npmjs.org/jquery/.cache.json
47 verbose correctMkdir /home/torben/.npm correctMkdir not in flight; initializing
48 http 304 https://registry.npmjs.org/bootstrap
49 verbose headers { date: 'Wed, 30 Mar 2016 18:35:52 GMT',
49 verbose headers   via: '1.1 varnish',
49 verbose headers   'cache-control': 'max-age=300',
49 verbose headers   etag: '"RHMLIYPFVQL9W3CWXLXHI7DK"',
49 verbose headers   age: '24',
49 verbose headers   connection: 'keep-alive',
49 verbose headers   'x-served-by': 'cache-lhr6323-LHR',
49 verbose headers   'x-cache': 'HIT',
49 verbose headers   'x-cache-hits': '1',
49 verbose headers   'x-timer': 'S1459362952.528868,VS0,VE0',
49 verbose headers   vary: 'Accept' }
50 silly get cb [ 304,
50 silly get   { date: 'Wed, 30 Mar 2016 18:35:52 GMT',
50 silly get     via: '1.1 varnish',
50 silly get     'cache-control': 'max-age=300',
50 silly get     etag: '"RHMLIYPFVQL9W3CWXLXHI7DK"',
50 silly get     age: '24',
50 silly get     connection: 'keep-alive',
50 silly get     'x-served-by': 'cache-lhr6323-LHR',
50 silly get     'x-cache': 'HIT',
50 silly get     'x-cache-hits': '1',
50 silly get     'x-timer': 'S1459362952.528868,VS0,VE0',
50 silly get     vary: 'Accept' } ]
51 verbose etag https://registry.npmjs.org/bootstrap from cache
52 verbose get saving bootstrap to /home/torben/.npm/registry.npmjs.org/bootstrap/.cache.json
53 verbose correctMkdir /home/torben/.npm correctMkdir already in flight; waiting
54 silly resolveWithNewModule jquery@2.2.2 checking installable status
55 silly cache add args [ 'jquery@2.2.2', null ]
56 verbose cache add spec jquery@2.2.2
57 silly cache add parsed spec Result {
57 silly cache add   raw: 'jquery@2.2.2',
57 silly cache add   scope: null,
57 silly cache add   name: 'jquery',
57 silly cache add   rawSpec: '2.2.2',
57 silly cache add   spec: '2.2.2',
57 silly cache add   type: 'version' }
58 silly addNamed jquery@2.2.2
59 verbose addNamed "2.2.2" is a plain semver version for jquery
60 silly mapToRegistry name jquery
61 silly mapToRegistry using default registry
62 silly mapToRegistry registry https://registry.npmjs.org/
63 silly mapToRegistry data Result {
63 silly mapToRegistry   raw: 'jquery',
63 silly mapToRegistry   scope: null,
63 silly mapToRegistry   name: 'jquery',
63 silly mapToRegistry   rawSpec: '',
63 silly mapToRegistry   spec: 'latest',
63 silly mapToRegistry   type: 'tag' }
64 silly mapToRegistry uri https://registry.npmjs.org/jquery
65 verbose addNameVersion registry:https://registry.npmjs.org/jquery not in flight; fetching
66 silly resolveWithNewModule bootstrap@3.3.6 checking installable status
67 silly cache add args [ 'bootstrap@^3.3.6', null ]
68 verbose cache add spec bootstrap@^3.3.6
69 silly cache add parsed spec Result {
69 silly cache add   raw: 'bootstrap@^3.3.6',
69 silly cache add   scope: null,
69 silly cache add   name: 'bootstrap',
69 silly cache add   rawSpec: '^3.3.6',
69 silly cache add   spec: '>=3.3.6 <4.0.0',
69 silly cache add   type: 'range' }
70 silly addNamed bootstrap@>=3.3.6 <4.0.0
71 verbose addNamed ">=3.3.6 <4.0.0" is a valid semver range for bootstrap
72 silly addNameRange { name: 'bootstrap', range: '>=3.3.6 <4.0.0', hasData: false }
73 silly mapToRegistry name bootstrap
74 silly mapToRegistry using default registry
75 silly mapToRegistry registry https://registry.npmjs.org/
76 silly mapToRegistry data Result {
76 silly mapToRegistry   raw: 'bootstrap',
76 silly mapToRegistry   scope: null,
76 silly mapToRegistry   name: 'bootstrap',
76 silly mapToRegistry   rawSpec: '',
76 silly mapToRegistry   spec: 'latest',
76 silly mapToRegistry   type: 'tag' }
77 silly mapToRegistry uri https://registry.npmjs.org/bootstrap
78 verbose addNameRange registry:https://registry.npmjs.org/bootstrap not in flight; fetching
79 verbose get https://registry.npmjs.org/jquery not expired, no request
80 verbose get https://registry.npmjs.org/bootstrap not expired, no request
81 silly addNameRange number 2 { name: 'bootstrap', range: '>=3.3.6 <4.0.0', hasData: true }
82 silly addNameRange versions [ 'bootstrap',
82 silly addNameRange   [ '0.0.1',
82 silly addNameRange     '0.0.2',
82 silly addNameRange     '3.1.1',
82 silly addNameRange     '3.2.0',
82 silly addNameRange     '3.3.0',
82 silly addNameRange     '3.3.1',
82 silly addNameRange     '3.3.2',
82 silly addNameRange     '3.3.4',
82 silly addNameRange     '3.3.5',
82 silly addNameRange     '3.3.6',
82 silly addNameRange     '4.0.0-alpha.2' ] ]
83 silly addNamed bootstrap@3.3.6
84 verbose addNamed "3.3.6" is a plain semver version for bootstrap
85 silly cache afterAdd jquery@2.2.2
86 verbose afterAdd /home/torben/.npm/jquery/2.2.2/package/package.json not in flight; writing
87 verbose correctMkdir /home/torben/.npm correctMkdir not in flight; initializing
88 silly cache afterAdd bootstrap@3.3.6
89 verbose afterAdd /home/torben/.npm/bootstrap/3.3.6/package/package.json not in flight; writing
90 verbose correctMkdir /home/torben/.npm correctMkdir not in flight; initializing
91 verbose afterAdd /home/torben/.npm/jquery/2.2.2/package/package.json written
92 verbose afterAdd /home/torben/.npm/bootstrap/3.3.6/package/package.json written
93 silly fetchOtherPackageData jQuery-website@git+ssh://git@github.com/thaibault/jQuery-website.git
94 silly cache add args [ 'jQuery-website@git+ssh://git@github.com/thaibault/jQuery-website.git',
94 silly cache add   null ]
95 verbose cache add spec jQuery-website@git+ssh://git@github.com/thaibault/jQuery-website.git
96 silly fetchOtherPackageData genericStyle@git+ssh://git@github.com/thaibault/genericStyle.git
97 silly cache add args [ 'genericStyle@git+ssh://git@github.com/thaibault/genericStyle.git',
97 silly cache add   null ]
98 verbose cache add spec genericStyle@git+ssh://git@github.com/thaibault/genericStyle.git
99 silly cache add parsed spec Result {
99 silly cache add   raw: 'jQuery-website@git+ssh://git@github.com/thaibault/jQuery-website.git',
99 silly cache add   scope: null,
99 silly cache add   name: 'jQuery-website',
99 silly cache add   rawSpec: 'git+ssh://git@github.com/thaibault/jQuery-website.git',
99 silly cache add   spec: 'git+ssh://git@github.com/thaibault/jQuery-website.git',
99 silly cache add   type: 'hosted',
99 silly cache add   hosted:
99 silly cache add    { type: 'github',
99 silly cache add      ssh: 'git@github.com:thaibault/jQuery-website.git',
99 silly cache add      sshUrl: 'git+ssh://git@github.com/thaibault/jQuery-website.git',
99 silly cache add      httpsUrl: 'git+https://github.com/thaibault/jQuery-website.git',
99 silly cache add      gitUrl: 'git://github.com/thaibault/jQuery-website.git',
99 silly cache add      shortcut: 'github:thaibault/jQuery-website',
99 silly cache add      directUrl: 'https://raw.githubusercontent.com/thaibault/jQuery-website/master/package.json' } }
100 verbose addRemoteGit caching git+ssh://git@github.com/thaibault/jQuery-website.git
101 verbose addRemoteGit git+ssh://git@github.com/thaibault/jQuery-website.git is a repository hosted by github
102 silly tryClone cloning git+ssh://git@github.com/thaibault/jQuery-website.git via git+ssh://git@github.com/thaibault/jQuery-website.git
103 verbose tryClone git-ssh-git-github-com-thaibault-jQuery-website-git-8fdb1020 not in flight; caching
104 verbose correctMkdir /home/torben/.npm/_git-remotes correctMkdir not in flight; initializing
105 silly cache add parsed spec Result {
105 silly cache add   raw: 'genericStyle@git+ssh://git@github.com/thaibault/genericStyle.git',
105 silly cache add   scope: null,
105 silly cache add   name: 'genericStyle',
105 silly cache add   rawSpec: 'git+ssh://git@github.com/thaibault/genericStyle.git',
105 silly cache add   spec: 'git+ssh://git@github.com/thaibault/genericStyle.git',
105 silly cache add   type: 'hosted',
105 silly cache add   hosted:
105 silly cache add    { type: 'github',
105 silly cache add      ssh: 'git@github.com:thaibault/genericStyle.git',
105 silly cache add      sshUrl: 'git+ssh://git@github.com/thaibault/genericStyle.git',
105 silly cache add      httpsUrl: 'git+https://github.com/thaibault/genericStyle.git',
105 silly cache add      gitUrl: 'git://github.com/thaibault/genericStyle.git',
105 silly cache add      shortcut: 'github:thaibault/genericStyle',
105 silly cache add      directUrl: 'https://raw.githubusercontent.com/thaibault/genericStyle/master/package.json' } }
106 verbose addRemoteGit caching git+ssh://git@github.com/thaibault/genericStyle.git
107 verbose addRemoteGit git+ssh://git@github.com/thaibault/genericStyle.git is a repository hosted by github
108 silly tryClone cloning git+ssh://git@github.com/thaibault/genericStyle.git via git+ssh://git@github.com/thaibault/genericStyle.git
109 verbose tryClone git-ssh-git-github-com-thaibault-genericStyle-git-870c1784 not in flight; caching
110 verbose correctMkdir /home/torben/.npm/_git-remotes correctMkdir already in flight; waiting
111 info git [ 'config', '--get', 'remote.origin.url' ]
112 info git [ 'config', '--get', 'remote.origin.url' ]
113 silly validateExistingRemote git+ssh://git@github.com/thaibault/jQuery-website.git remote.origin.url: ssh://git@github.com/thaibault/jQuery-website.git
114 verbose validateExistingRemote git+ssh://git@github.com/thaibault/jQuery-website.git is updating existing cached remote /home/torben/.npm/_git-remotes/git-ssh-git-github-com-thaibault-jQuery-website-git-8fdb1020
115 silly validateExistingRemote git+ssh://git@github.com/thaibault/genericStyle.git remote.origin.url: ssh://git@github.com/thaibault/genericStyle.git
116 verbose validateExistingRemote git+ssh://git@github.com/thaibault/genericStyle.git is updating existing cached remote /home/torben/.npm/_git-remotes/git-ssh-git-github-com-thaibault-genericStyle-git-870c1784
117 info git [ 'fetch', '-a', 'origin' ]
118 info git [ 'fetch', '-a', 'origin' ]
119 verbose updateRemote git fetch -a origin (ssh://git@github.com/thaibault/genericStyle.git)
120 verbose correctMkdir /home/torben/.npm/_git-remotes correctMkdir not in flight; initializing
121 verbose setPermissions git+ssh://git@github.com/thaibault/genericStyle.git set permissions on /home/torben/.npm/_git-remotes/git-ssh-git-github-com-thaibault-genericStyle-git-870c1784
122 verbose resolveHead git+ssh://git@github.com/thaibault/genericStyle.git original treeish: master
123 info git [ 'rev-list', '-n1', 'master' ]
124 silly resolveHead git+ssh://git@github.com/thaibault/genericStyle.git resolved treeish: ca5a9d446a2311401ae0ecfcd6c64c3c826bec68
125 verbose resolveHead git+ssh://git@github.com/thaibault/genericStyle.git resolved Git URL: git+ssh://git@github.com/thaibault/genericStyle.git#ca5a9d446a2311401ae0ecfcd6c64c3c826bec68
126 silly resolveHead Git working directory: /tmp/npm-6897-9569bc89/git-cache-bfe78957/ca5a9d446a2311401ae0ecfcd6c64c3c826bec68
127 info git [ 'clone',
127 info git   '/home/torben/.npm/_git-remotes/git-ssh-git-github-com-thaibault-genericStyle-git-870c1784',
127 info git   '/tmp/npm-6897-9569bc89/git-cache-bfe78957/ca5a9d446a2311401ae0ecfcd6c64c3c826bec68' ]
128 verbose cloneResolved git+ssh://git@github.com/thaibault/genericStyle.git clone Cloning into '/tmp/npm-6897-9569bc89/git-cache-bfe78957/ca5a9d446a2311401ae0ecfcd6c64c3c826bec68'...
128 verbose cloneResolved done.
129 info git [ 'checkout', 'ca5a9d446a2311401ae0ecfcd6c64c3c826bec68' ]
130 verbose checkoutTreeish git+ssh://git@github.com/thaibault/genericStyle.git checkout Note: checking out 'ca5a9d446a2311401ae0ecfcd6c64c3c826bec68'.
130 verbose checkoutTreeish
130 verbose checkoutTreeish You are in 'detached HEAD' state. You can look around, make experimental
130 verbose checkoutTreeish changes and commit them, and you can discard any commits you make in this
130 verbose checkoutTreeish state without impacting any branches by performing another checkout.
130 verbose checkoutTreeish
130 verbose checkoutTreeish If you want to create a new branch to retain commits you create, you may
130 verbose checkoutTreeish do so (now or later) by using -b with the checkout command again. Example:
130 verbose checkoutTreeish
130 verbose checkoutTreeish   git checkout -b <new-branch-name>
130 verbose checkoutTreeish
130 verbose checkoutTreeish HEAD is now at ca5a9d4... initial
131 info git [ 'submodule', '-q', 'update', '--init', '--recursive' ]
132 verbose updateSubmodules git+ssh://git@github.com/thaibault/genericStyle.git submodule update
133 error addLocal Could not install /tmp/npm-6897-9569bc89/git-cache-bfe78957/ca5a9d446a2311401ae0ecfcd6c64c3c826bec68
134 silly fetchPackageMetaData Error: EISDIR: illegal operation on a directory, read
134 silly fetchPackageMetaData     at Error (native)
134 silly fetchPackageMetaData  error for genericStyle@git+ssh://git@github.com/thaibault/genericStyle.git { [Error: EISDIR: illegal operation on a directory, read] errno: -21, code: 'EISDIR', syscall: 'read' }
135 verbose updateRemote git fetch -a origin (ssh://git@github.com/thaibault/jQuery-website.git)
136 verbose correctMkdir /home/torben/.npm/_git-remotes correctMkdir not in flight; initializing
137 verbose setPermissions git+ssh://git@github.com/thaibault/jQuery-website.git set permissions on /home/torben/.npm/_git-remotes/git-ssh-git-github-com-thaibault-jQuery-website-git-8fdb1020
138 verbose resolveHead git+ssh://git@github.com/thaibault/jQuery-website.git original treeish: master
139 info git [ 'rev-list', '-n1', 'master' ]
140 silly resolveHead git+ssh://git@github.com/thaibault/jQuery-website.git resolved treeish: 06eef0817291f36e13c5523017cac168f7475d1b
141 verbose resolveHead git+ssh://git@github.com/thaibault/jQuery-website.git resolved Git URL: git+ssh://git@github.com/thaibault/jQuery-website.git#06eef0817291f36e13c5523017cac168f7475d1b
142 silly resolveHead Git working directory: /tmp/npm-6897-9569bc89/git-cache-54832aab/06eef0817291f36e13c5523017cac168f7475d1b
143 info git [ 'clone',
143 info git   '/home/torben/.npm/_git-remotes/git-ssh-git-github-com-thaibault-jQuery-website-git-8fdb1020',
143 info git   '/tmp/npm-6897-9569bc89/git-cache-54832aab/06eef0817291f36e13c5523017cac168f7475d1b' ]
144 verbose cloneResolved git+ssh://git@github.com/thaibault/jQuery-website.git clone Cloning into '/tmp/npm-6897-9569bc89/git-cache-54832aab/06eef0817291f36e13c5523017cac168f7475d1b'...
144 verbose cloneResolved done.
145 info git [ 'checkout', '06eef0817291f36e13c5523017cac168f7475d1b' ]
146 verbose checkoutTreeish git+ssh://git@github.com/thaibault/jQuery-website.git checkout Note: checking out '06eef0817291f36e13c5523017cac168f7475d1b'.
146 verbose checkoutTreeish
146 verbose checkoutTreeish You are in 'detached HEAD' state. You can look around, make experimental
146 verbose checkoutTreeish changes and commit them, and you can discard any commits you make in this
146 verbose checkoutTreeish state without impacting any branches by performing another checkout.
146 verbose checkoutTreeish
146 verbose checkoutTreeish If you want to create a new branch to retain commits you create, you may
146 verbose checkoutTreeish do so (now or later) by using -b with the checkout command again. Example:
146 verbose checkoutTreeish
146 verbose checkoutTreeish   git checkout -b <new-branch-name>
146 verbose checkoutTreeish
146 verbose checkoutTreeish HEAD is now at 06eef08... Automatic update to new version.
147 info git [ 'submodule', '-q', 'update', '--init', '--recursive' ]
148 verbose updateSubmodules git+ssh://git@github.com/thaibault/jQuery-website.git submodule update
149 verbose addLocalDirectory /home/torben/.npm/jQuery-website/1.0.0/package.tgz not in flight; packing
150 verbose correctMkdir /home/torben/.npm correctMkdir not in flight; initializing
151 verbose tar pack [ '/home/torben/.npm/jQuery-website/1.0.0/package.tgz',
151 verbose tar pack   '/tmp/npm-6897-9569bc89/git-cache-54832aab/06eef0817291f36e13c5523017cac168f7475d1b' ]
152 verbose tarball /home/torben/.npm/jQuery-website/1.0.0/package.tgz
153 verbose folder /tmp/npm-6897-9569bc89/git-cache-54832aab/06eef0817291f36e13c5523017cac168f7475d1b
154 verbose addLocalTarball adding from inside cache /home/torben/.npm/jQuery-website/1.0.0/package.tgz
155 verbose correctMkdir /home/torben/.npm correctMkdir not in flight; initializing
156 verbose addRemoteGit data._from: git+ssh://git@github.com/thaibault/jQuery-website.git
157 verbose addRemoteGit data._resolved: git+ssh://git@github.com/thaibault/jQuery-website.git#06eef0817291f36e13c5523017cac168f7475d1b
158 silly cache afterAdd jQuery-website@1.0.0
159 verbose afterAdd /home/torben/.npm/jQuery-website/1.0.0/package/package.json not in flight; writing
160 verbose correctMkdir /home/torben/.npm correctMkdir not in flight; initializing
161 verbose afterAdd /home/torben/.npm/jQuery-website/1.0.0/package/package.json written
162 silly resolveWithNewModule jQuery-website@1.0.0 checking installable status
163 silly rollbackFailedOptional Starting
164 silly rollbackFailedOptional Finishing
165 silly runTopLevelLifecycles Starting
166 silly runTopLevelLifecycles Finishing
167 silly install printInstalled
168 verbose stack Error: EISDIR: illegal operation on a directory, read
168 verbose stack     at Error (native)
169 verbose cwd /home/torben/cloud/data/repository/documentationWebsite
170 error Linux 4.4.5-1-ARCH
171 error argv "/usr/bin/node" "/usr/bin/npm" "install"
172 error node v5.9.1
173 error npm  v3.8.3
174 error code EISDIR
175 error errno -21
176 error syscall read
177 error eisdir EISDIR: illegal operation on a directory, read
178 error eisdir This is most likely not a problem with npm itself
178 error eisdir and is related to npm not being able to find a package.json in
178 error eisdir a package you are trying to install.
179 verbose exit [ -21, true ]
